lecegues@DESKTOP-OQQMHBP:~/SLACC/code$ bash scripts/common/runner.sh Example
\n\n 1) SNIPPING DATASET: Example \n
\n For Java
Mar 10, 2026 7:10:13 PM edu.ncsu.mains.Snipper snipDataset
INFO: Processing for Dataset: Example
Mar 10, 2026 7:10:13 PM edu.ncsu.visitors.adapters.MethodAndVariableAdapter generateMethods
INFO: PROCESSING FOR /home/lecegues/SLACC/projects/src/main/java/Example/interleave/Interleave.java
Mar 10, 2026 7:10:14 PM edu.ncsu.visitors.adapters.MethodAndVariableAdapter generateMethods
INFO: Done. # Functions = 28
Mar 10, 2026 7:10:14 PM edu.ncsu.store.mongo.MetadataStore saveClassFunctionsMetadata
INFO: Writing metadata in Mongo Database ...
Exception in thread "main" com.mongodb.MongoCommandException: Command failed with error 352: 'Unsupported OP_QUERY command: count. The client driver may require an upgrade. For more details see https://dochub.mongodb.org/core/legacy-opcode-removal' on server localhost:27017. The full response is { "ok" : 0.0, "errmsg" : "Unsupported OP_QUERY command: count. The client driver may require an upgrade. For more details see https://dochub.mongodb.org/core/legacy-opcode-removal", "code" : 352, "codeName" : "UnsupportedOpQueryCommand" }
        at com.mongodb.connection.ProtocolHelper.getCommandFailureException(ProtocolHelper.java:115)
        at com.mongodb.connection.CommandProtocol.execute(CommandProtocol.java:114)
        at com.mongodb.connection.DefaultServer$DefaultServerProtocolExecutor.execute(DefaultServer.java:159)
        at com.mongodb.connection.DefaultServerConnection.executeProtocol(DefaultServerConnection.java:286)
        at com.mongodb.connection.DefaultServerConnection.command(DefaultServerConnection.java:173)
        at com.mongodb.operation.CommandOperationHelper.executeWrappedCommandProtocol(CommandOperationHelper.java:215)
        at com.mongodb.operation.CommandOperationHelper.executeWrappedCommandProtocol(CommandOperationHelper.java:206)
        at com.mongodb.operation.CommandOperationHelper.executeWrappedCommandProtocol(CommandOperationHelper.java:112)
        at com.mongodb.operation.CountOperation$1.call(CountOperation.java:210)
        at com.mongodb.operation.CountOperation$1.call(CountOperation.java:206)
        at com.mongodb.operation.OperationHelper.withConnectionSource(OperationHelper.java:230)
        at com.mongodb.operation.OperationHelper.withConnection(OperationHelper.java:203)
        at com.mongodb.operation.CountOperation.execute(CountOperation.java:206)
        at com.mongodb.operation.CountOperation.execute(CountOperation.java:53)
        at com.mongodb.Mongo.execute(Mongo.java:772)
        at com.mongodb.Mongo$2.execute(Mongo.java:759)
        at com.mongodb.MongoCollectionImpl.count(MongoCollectionImpl.java:185)
        at com.mongodb.MongoCollectionImpl.count(MongoCollectionImpl.java:165)
        at edu.ncsu.store.mongo.MongoDriver.collectionExists(MongoDriver.java:101)
        at edu.ncsu.store.mongo.MetadataStore.saveClassFunctionsMetadata(MetadataStore.java:39)
        at edu.ncsu.visitors.adapters.MethodAndVariableAdapter.saveMetaData(MethodAndVariableAdapter.java:287)
        at edu.ncsu.visitors.adapters.MethodAndVariableAdapter.generateMethodsForJavaFile(MethodAndVariableAdapter.java:383)
        at edu.ncsu.mains.Snipper.snipFolder(Snipper.java:33)
        at edu.ncsu.mains.Snipper.snipDataset(Snipper.java:17)
        at edu.ncsu.mains.Snipper.main(Snipper.java:48)
        at edu.ncsu.Main.main(Main.java:26)
Mar 10, 2026 7:10:14 PM edu.ncsu.mains.Permutate permutateDataset
INFO: Processing for Dataset: Example
Mar 10, 2026 7:10:14 PM edu.ncsu.mains.Permutate permutateFolder
INFO: Processing file: /home/lecegues/SLACC/projects/src/main/java/Example/interleave/generated_class_f2ee312b34de4535a6460d4e03fb4329.java. ...
Exception in thread "main" java.lang.RuntimeException: java.lang.ClassNotFoundException: Example.interleave.generated_class_f2ee312b34de4535a6460d4e03fb4329
        at edu.ncsu.executors.helpers.PackageManager.findClass(PackageManager.java:29)
        at edu.ncsu.executors.models.ClassMethods.<init>(ClassMethods.java:55)
        at edu.ncsu.permutator.Permutator.permutateFile(Permutator.java:44)
        at edu.ncsu.mains.Permutate.permutateFolder(Permutate.java:30)
        at edu.ncsu.mains.Permutate.permutateDataset(Permutate.java:16)
        at edu.ncsu.mains.Permutate.main(Permutate.java:35)
        at edu.ncsu.Main.main(Main.java:29)
Caused by: java.lang.ClassNotFoundException: Example.interleave.generated_class_f2ee312b34de4535a6460d4e03fb4329
        at java.net.URLClassLoader.findClass(URLClassLoader.java:387)
        at java.lang.ClassLoader.loadClass(ClassLoader.java:418)
        at sun.misc.Launcher$AppClassLoader.loadClass(Launcher.java:352)
        at java.lang.ClassLoader.loadClass(ClassLoader.java:351)
        at java.lang.Class.forName0(Native Method)
        at java.lang.Class.forName(Class.java:264)
        at edu.ncsu.executors.helpers.PackageManager.findClass(PackageManager.java:27)
        ... 6 more
\n For Python
find: ‘/home/lecegues/Raise/ProgramRepair/SLACC/projects/src/main/python/Example’: No such file or directory
find: ‘/home/lecegues/Raise/ProgramRepair/SLACC/projects/src/main/python/Example’: No such file or directory
[2026-03-10 19:10:15,060] [INFO] [arguments.py] Generating metadata for /home/lecegues/SLACC/projects/src/main/python/Example/interleave/interleave.py
142536
1425367
\n\n 2) EXTRACTING ARGUMENTS AND METADATA FOR DATASET: Example \n
\n Storing Objects
scripts/java/store_objects.sh: 8: [[: not found
Mar 10, 2026 7:10:15 PM edu.ncsu.arguments.ClassArgumentsExtractor markClasses
INFO: Marking the saved JSON as valid/invalid
\n Extracting Primitive Arguments
Mar 10, 2026 7:10:15 PM edu.ncsu.arguments.ArgumentExtractor extractAndStorePrimitiveArguments
INFO: Number of java files: 1
Mar 10, 2026 7:10:15 PM edu.ncsu.arguments.ArgumentExtractor extractAndStorePrimitiveArguments
INFO: PRIOR TO SAVING !!!!
STRING : 1
INTEGER : 3
SHORT : 3
LONG : 3
Mar 10, 2026 7:10:15 PM edu.ncsu.store.mongo.ArgumentStore savePrimitiveArguments
INFO: Saving Primitive Arguments from MongoDB ...
Exception in thread "main" com.mongodb.MongoCommandException: Command failed with error 352: 'Unsupported OP_QUERY command: drop. The client driver may require an upgrade. For more details see https://dochub.mongodb.org/core/legacy-opcode-removal' on server localhost:27017. The full response is { "ok" : 0.0, "errmsg" : "Unsupported OP_QUERY command: drop. The client driver may require an upgrade. For more details see https://dochub.mongodb.org/core/legacy-opcode-removal", "code" : 352, "codeName" : "UnsupportedOpQueryCommand" }
        at com.mongodb.connection.ProtocolHelper.getCommandFailureException(ProtocolHelper.java:115)
        at com.mongodb.connection.CommandProtocol.execute(CommandProtocol.java:114)
        at com.mongodb.connection.DefaultServer$DefaultServerProtocolExecutor.execute(DefaultServer.java:159)
        at com.mongodb.connection.DefaultServerConnection.executeProtocol(DefaultServerConnection.java:286)
        at com.mongodb.connection.DefaultServerConnection.command(DefaultServerConnection.java:173)
        at com.mongodb.operation.CommandOperationHelper.executeWrappedCommandProtocol(CommandOperationHelper.java:215)
        at com.mongodb.operation.CommandOperationHelper.executeWrappedCommandProtocol(CommandOperationHelper.java:186)
        at com.mongodb.operation.CommandOperationHelper.executeWrappedCommandProtocol(CommandOperationHelper.java:160)
        at com.mongodb.operation.CommandOperationHelper.executeWrappedCommandProtocol(CommandOperationHelper.java:133)
        at com.mongodb.operation.CommandOperationHelper.executeWrappedCommandProtocol(CommandOperationHelper.java:128)
        at com.mongodb.operation.CommandOperationHelper.executeWrappedCommandProtocol(CommandOperationHelper.java:118)
        at com.mongodb.operation.DropCollectionOperation.execute(DropCollectionOperation.java:54)
        at com.mongodb.operation.DropCollectionOperation.execute(DropCollectionOperation.java:39)
        at com.mongodb.Mongo.execute(Mongo.java:781)
        at com.mongodb.Mongo$2.execute(Mongo.java:764)
        at com.mongodb.MongoCollectionImpl.drop(MongoCollectionImpl.java:419)
        at edu.ncsu.store.mongo.MongoDriver.dropCollection(MongoDriver.java:105)
        at edu.ncsu.store.mongo.ArgumentStore.savePrimitiveArguments(ArgumentStore.java:54)
        at edu.ncsu.arguments.ArgumentExtractor.extractAndStorePrimitiveArguments(ArgumentExtractor.java:73)
        at edu.ncsu.mains.Arguments.extractAndStorePrimitiveArguments(Arguments.java:37)
        at edu.ncsu.Main.main(Main.java:38)
\n Extracting Fuzzed Arguments
Mar 10, 2026 7:10:16 PM edu.ncsu.arguments.ArgumentExtractor storeFuzzedArguments
INFO: Generating random args. Here we go ....
Mar 10, 2026 7:10:16 PM edu.ncsu.arguments.ArgumentExtractor storeFuzzedArguments
INFO: Deleting old arguments ...
Exception in thread "main" com.mongodb.MongoCommandException: Command failed with error 352: 'Unsupported OP_QUERY command: drop. The client driver may require an upgrade. For more details see https://dochub.mongodb.org/core/legacy-opcode-removal' on server localhost:27017. The full response is { "ok" : 0.0, "errmsg" : "Unsupported OP_QUERY command: drop. The client driver may require an upgrade. For more details see https://dochub.mongodb.org/core/legacy-opcode-removal", "code" : 352, "codeName" : "UnsupportedOpQueryCommand" }
        at com.mongodb.connection.ProtocolHelper.getCommandFailureException(ProtocolHelper.java:115)
        at com.mongodb.connection.CommandProtocol.execute(CommandProtocol.java:114)
        at com.mongodb.connection.DefaultServer$DefaultServerProtocolExecutor.execute(DefaultServer.java:159)
        at com.mongodb.connection.DefaultServerConnection.executeProtocol(DefaultServerConnection.java:286)
        at com.mongodb.connection.DefaultServerConnection.command(DefaultServerConnection.java:173)
        at com.mongodb.operation.CommandOperationHelper.executeWrappedCommandProtocol(CommandOperationHelper.java:215)
        at com.mongodb.operation.CommandOperationHelper.executeWrappedCommandProtocol(CommandOperationHelper.java:186)
        at com.mongodb.operation.CommandOperationHelper.executeWrappedCommandProtocol(CommandOperationHelper.java:160)
        at com.mongodb.operation.CommandOperationHelper.executeWrappedCommandProtocol(CommandOperationHelper.java:133)
        at com.mongodb.operation.CommandOperationHelper.executeWrappedCommandProtocol(CommandOperationHelper.java:128)
        at com.mongodb.operation.CommandOperationHelper.executeWrappedCommandProtocol(CommandOperationHelper.java:118)
        at com.mongodb.operation.DropCollectionOperation.execute(DropCollectionOperation.java:54)
        at com.mongodb.operation.DropCollectionOperation.execute(DropCollectionOperation.java:39)
        at com.mongodb.Mongo.execute(Mongo.java:781)
        at com.mongodb.Mongo$2.execute(Mongo.java:764)
        at com.mongodb.MongoCollectionImpl.drop(MongoCollectionImpl.java:419)
        at edu.ncsu.store.mongo.ArgumentStore.deleteFuzzedArguments(ArgumentStore.java:107)
        at edu.ncsu.arguments.ArgumentExtractor.storeFuzzedArguments(ArgumentExtractor.java:122)
        at edu.ncsu.mains.Arguments.storeFuzzedArguments(Arguments.java:51)
        at edu.ncsu.Main.main(Main.java:41)
\n Extracting metadata for python
[2026-03-10 19:10:16,709] [INFO] [function_metadata.py] Running for dataset: Example ...
[2026-03-10 19:10:16,710] [INFO] [execute.py] Processing 'Example/interleave/generated_py_25d2f9637e27446baf30f0288e1e22ff.py' ...
('func_eacf91940f73413f855f98ed7a790d03', None, False)
('func_d52e8f3e75cb4795b9d9a13c157899aa', None, False)
('func_91804a59a6554f2e8860ab50d0c3dc17', None, False)
('func_772d2181e87c4cd8b8814f2bfd0d06c8', None, False)
('func_b824afe88dac48268f7234fabacd8889', None, False)
('func_d2dbc1526724453cbd788ea8b05e6380', None, False)
('func_d6fa5488382644e6a1f34e57f3579e1e', None, False)
('func_c044405a1a5b4be096ce4c3f3478a60e', None, False)
('func_4ed9bfd9f79f4bc2a027a8d6e9a680e8', None, False)
('func_7b7852a1749a4eac98269434773fb130', None, False)
('func_4a9de66b56544cceb84df8a8b54840ee', None, False)
('func_bce353832a954285b4bc7b305e31cc89', None, False)
('func_68772af17f5d40d5a2c9252c572f46bd', None, False)
('func_9f1e4741ceef44269b80c1753d391d81', None, False)
('func_f6968d03d0614d9bb43e4eb3b924a828', None, False)
('func_251c23703e5e4ec79cbf7da89332cae0', None, False)
('func_ed045a27120347f49b885831e9e69ecf', None, False)
('func_8b4314ac878742d0bf1b4f6042ec03fa', None, False)
('func_643661b9739d4e3a95dd380ca267f014', None, False)
('func_527d9342ce434d23b7643a73282f7ccb', None, False)
('func_09bf1732fec54d9699908c818dda33af', None, False)
('func_e89a363794ca4e9eb166f672eb75bd1e', None, False)
('func_1852ecc9b7fb4425a9aac69a02803247', None, False)
('func_02e09e119dda472aa52b3f1d7c31d5d7', None, False)
('func_592fafb5efc54aa685d32dbaf1470ae7', None, False)
('func_49b0b08b129d4d66a8ff7cffdaa1518c', None, False)
('func_febb948b9d184ced82b1201519b7e38c', None, False)
('func_e30856770e034fa9acc4ef8b5b9f694e', None, False)
('func_2bca06d6ee2346a6b3ea3acb71c8e608', None, False)
('func_770091ce2fe94b48a595f5d43b219473', None, False)
('func_09fd2e15840041269e793402d3a2a83e', None, False)
('func_1132d94861704707bb72dbf23ead4578', None, False)
('func_dd2773a224cb454481b119a720d3d6dc', None, False)
('func_80e8a83da2eb47cdac87de229fc2aa92', None, False)
('func_98e0d86b6b264c49be1d5142b45fc4ee', None, False)
('func_f5ce78e361384ba9937b00ce2b6b2ff7', None, False)
('func_ba38cec1834f46b8b77d4f4930278494', None, False)
('func_9390a59c86d24549819ac1c81ddd320a', None, False)
[2026-03-10 19:10:16,738] [INFO] [execute.py] Processing 'Example/interleave/generated_py_76f85312d1ce4c08b56f57bf7430c87e.py' ...
('func_2791fb069d0349c7a978a775405be525', None, False)
('func_8f052c13d0b844508d081f804e26ca61', None, False)
('func_54cd2acfaeea45b7a0a390a66757a2d2', None, False)
('func_53b3ec24244f4477b452136b992cc7d5', None, False)
('func_853e68bfd24f47efb5c769aaf62f004d', None, False)
('func_bf0b674780844eaa8db5721d879f59f3', None, False)
('func_d88fb62fb74c423a9f71a9ce95b1fee4', None, False)
('func_0a2f73c1c3ab44e6917f981b8c904247', None, False)
('func_7986dd74530b4618abd9a364706022a1', None, False)
('func_9af29153a30444b6a1f9db5d48b52fb9', None, False)
('func_7ad002a60c1441de9f65b842d403d02f', None, False)
('func_beabc35e108649b196205a9aada7fa0f', None, False)
('func_493ef99083a74c149ebc4008fcd6ed8f', None, False)
('func_e4373350e9a8403eb7c9aa6b720507a4', None, False)
('func_86c8c4f4e1d54b40b3c1e52ca86675cd', None, False)
('func_b38f911c61204629a40e3352483d3a9a', None, False)
('func_1b531f7b84d640dfb76a3fdef16b71fb', None, False)
('func_7cf3403cb34c44e0aa71a0d2ea164c8d', None, False)
('func_2f7620bd73804b3f8d2acefe42a7d935', None, False)
('func_23f3c90a4175421191c3aa8695b94166', None, False)
('func_e8d72097cb8c45239c4874b53ea97674', None, False)
('func_57f4010ec5da43b4a24bb27a5e813087', None, False)
('func_e7ff8bfc302b4523ab681406e3de188f', None, False)
('func_d811f70d58d64a18b8fbc9f6ebb14f9c', None, False)
('func_9fad5bb11f1a4ac38cd1273a08279b9e', None, False)
('func_dd690a67640e44efb27af56f5b0e5019', None, False)
('func_600f14955ec64ce5b4c7d2b36d0b1d67', None, False)
('func_64f5a6e4f5f9400095df4d267e74657b', None, False)
('func_084ea06bdc8348d385d5c7a389bf8a7e', None, False)
('func_27a45ade864e45d7b1c826d71766337b', None, False)
('func_7fd6c49c67694e17a593406399fcf075', None, False)
('func_f385c1a6cf3549e1ae0be2ef70cbc088', None, False)
('func_ba732b1732074004bda94d99a9edee14', None, False)
('func_8bc160af962c4fd4bf1ac18135bb4ba2', None, False)
('func_4ec344c5b05642db9a9275a75d03cb43', None, False)
('func_5e57729be02e4c3c9d4b0c77932e47cd', None, False)
('func_87c32eccd521445d8364884b7edfa07f', None, False)
('func_65b99b5191a34f5fa75cd66cdb2b64cf', None, False)
[2026-03-10 19:10:16,756] [INFO] [execute.py] Processing 'Example/interleave/generated_py_84ad44ee4b4842b095f4ed0e02aee3eb.py' ...
('func_f4a3f616f0db4853a1e7601c9f37eadb', None, False)
('func_920368f7039f40dd8f793ab500337c18', None, False)
('func_e1dbc107e48e4c0b8bfcd6f547135484', None, False)
('func_c1aa1e4a722e460a986141a91c1fa5be', None, False)
('func_9a7c5d915ed846eba6bd25f2a256ab1d', None, False)
('func_5059336510624bf49780c4841e699d2d', None, False)
('func_c5f656bccaa84b709e984803b6a40e2a', None, False)
('func_ba7bb5eeef4b44c0aa12542123ee3708', None, False)
('func_4134c8fab3304e7094e59c98a5344d6e', None, False)
('func_dffdc708359c483cba1e7a744489cdda', None, False)
('func_2f829c4d531f429ea854b960bb791d45', None, False)
('func_2386e641865c4517becd62a5edc68674', None, False)
('func_fe92ee0c771b444496753bf2377dfe90', None, False)
('func_bdc47fe69ada4a199523cbce05a418cf', None, False)
('func_6651011378c84b2fb42537ad212333a4', None, False)
('func_da8f6a72158f4f559dbc74bbb4ceb8f4', None, False)
('func_18b3359001f24d3c9b2241a96b737618', None, False)
('func_070abc96cacb45288e1aae054de29b9e', None, False)
('func_6bc5c3e167f4407992aae192d1770ea5', None, False)
('func_8da9554c9e27435681d69e028bd4096e', None, False)
('func_82101125cadc4fdeb0a99b0365bcf404', None, False)
('func_a8721059d6704808937a9219c5707e7f', None, False)
('func_39c9bbb2f1df46c5b3cc3193a5d31929', None, False)
('func_8f3715f56adf49e79abcac649bbbdfd6', None, False)
('func_e520209b763a4fbda54fbbce1dc0ac92', None, False)
('func_fd4af1ac8d4540eaabef1d24d552e011', None, False)
('func_89a91de5e269476a8370d04e60dbcb0b', None, False)
('func_d7ae72a2d9284be1b4e22588cb585273', None, False)
('func_7a4df9a157ca458490f04c63004ed7c4', None, False)
('func_c1e3e55b463b4ce9884c50ef87a31784', None, False)
('func_802b31114e10406392963041757ec4bd', None, False)
('func_94a04a5c4f254a3b901ca61d249da4b1', None, False)
('func_09ad4b2bb5f34e3bad2511660489778d', None, False)
('func_0f18d43e61644ef9ba2e8819a2cd11d6', None, False)
('func_5d6b21742d764640be31b8bdf2b9b23b', None, False)
('func_ddf3d4558f304b64bb292b408d89b54d', None, False)
('func_1db8eb9197b447d1949aecada2767e69', None, False)
('func_5af6383087c2482dba33d8d1470726ad', None, False)
[2026-03-10 19:10:16,773] [INFO] [execute.py] Processing 'Example/interleave/generated_py_364557f4504c404382c81cbe1bcd3dc3.py' ...
('func_11bc5a2b9e7b47d88eb01fffa527f84b', '(int)@1,(int)@1', False)
('func_c7d1e6b8f8a34f4c9d482565dd90ce80', '(int)@1,int,int', False)
('func_12f67e1376394304af539c9ce5df2666', '(int)@1,(int)@1', False)
('func_dbc30198351b47c49cdb0545e12b6f84', '(int)@1,(int)@1', False)
('func_16fc926194e246fe96f1b3b4c27f8044', '(int)@1,(int)@1', False)
('func_328008395bf8402f9310729401efa681', '(int)@1,int,int', False)
('func_a12da4f3365b42399da59bc6ea53619c', '(int)@1,(int)@1', False)
('func_e2d0d5d631cf46418da99dfb2922747f', '(int)@1,(int)@1', False)
('func_a972d9d735844c55a7d94ffcd264c0f5', '(int)@1,(int)@1', False)
('func_181fea950f844ee782a8ad1fd26e36ab', '(int)@1,(int)@1', False)
('func_9c7683ee4f2041eebad5058f7a30cb3a', '(int)@1,(int)@1', False)
('func_2d35977357c145189d8165945f7ab461', '(int)@1,(int)@1', False)
('func_40d3159f60844f3bbc3cfcbe4299c1c8', '(int)@1,(int)@1,int,int,int', False)
('func_fa90383139454cc8b74de66f8277213f', '(int)@1,(int)@1', False)
('func_6fdacdb1da574e39aa2d72fda6c61f6a', '(int)@1,(int)@1,int,int,int', False)
('func_e4626b19c19149578e3e5767d43ce262', '(int)@1,(int)@1', False)
('func_338c4e5ab61740f28da536a24f0db4d8', '(int)@1,(int)@1', False)
('func_8052794adad54a5fb59fb66c411e3634', '(int)@1,(int)@1', False)
('func_ee3a4fb45c584a60a691d2d83b7b42f3', '(int)@1,(int)@1,int,int', False)
('func_7a5c4fd0abd44b28a25b007c396ff91f', '(int)@1,(int)@1', False)
('func_59b600217bf44a10aaad67c8100f71ff', '(int)@1,(int)@1', False)
('func_08b531e768fc4e55b02f731d0190d8d7', '(int)@1,(int)@1,int,int', False)
('func_a1026426b3bb4305a3e8a30a98be3c7e', '(int)@1,(int)@1', False)
('func_93b3beb11cb54379bb884cb0238d9fe8', '(int)@1,(int)@1', False)
('func_35914601d88043918f215d3753b9ecfc', '(int)@1,(int)@1', False)
('func_61e975c275be4e91875b8a783784ec33', '(int)@1,(int)@1', False)
('func_d143e0dbdd784681a87039be72f3bdf2', '(int)@1,(int)@1', False)
('func_eead5ea7e7064e71b6b920d030c24dce', '(int)@1,(int)@1', False)
('func_4ce134be4ad446b5b2b10dbf6f2adb79', '(int)@1,(int)@1', False)
('func_e53961b6e769467d9622fb147d9f46a0', '(int)@1,(int)@1', False)
('func_8a66d733da9f456e883947e6556e65da', '(int)@1,(int)@1', False)
('func_39b4d1c395da47d8b0aa43f7a878cf5e', '(int)@1,(int)@1', False)
('func_abec31d2a8e049d0bd738b9cb1bed473', '(int)@1,(int)@1', False)
('func_3836f8234a2a4df7b9a40f69850073ff', '(int)@1,(int)@1,int,int', False)
('func_c0e9a919c8d04f6c8f64f174272c0ff8', '(int)@1,(int)@1', False)
('func_a23ea4a9ab094f73a68b70be3529c2b4', '(int)@1,(int)@1', False)
('func_82173c65b2f147ae85f5f1244a38c353', '(int)@1,(int)@1', False)
('func_af474132a5704994b097fd0d02208749', '(int)@1,int,int', False)
[2026-03-10 19:10:16,803] [INFO] [execute.py] Processing 'Example/interleave/generated_py_c8b70bed7f944c1fa490453553420502.py' ...
('func_0bcd10bf747b44ea82ddb40ea70a7878', None, False)
('func_1657d9e0d03348c09f964ce06c33e3e1', None, False)
('func_a04363716f184b62865689fb23489ad1', None, False)
('func_51dbf35b5fb9460f8157d9ba0fa43e05', None, False)
('func_19d7189c16934bac9f46436228a1c745', None, False)
('func_9d8da69a81564497b241ec7b510c99f8', None, False)
('func_1c219eaf5ce647678251a878b6e96e5c', None, False)
('func_be87284bdddf408fa1183327820e9955', None, False)
('func_e979f488bbc94297aae9f4223d9449cf', None, False)
('func_298bcfa8b90e4939bf70d1bb8434b260', None, False)
('func_de44b98b63c145758c4a2ff67687c63a', None, False)
('func_8e4176b6c45a4e32b66f00252edc7869', None, False)
('func_b8a5edef3fa845618ea023c50da17f55', None, False)
('func_6552277742934f47bca79259b014f81c', None, False)
('func_87fb1c7b412449b1b87692d19c9e0859', None, False)
('func_beeb561bff2b42198c85db885f2bffae', None, False)
('func_f183c75c722e41f5ab38bf53ac0eaeaa', None, False)
('func_c34659c8691f4b2490b3a25903382850', None, False)
('func_9fd9a9cbc0744055ae0dd2b7192fcf2e', None, False)
('func_af782e0a266f4ff69ac5eb42dcb75235', None, False)
('func_ebc452caf0684946810358efd63cef51', None, False)
('func_c74f0569e1454e988bc7acaecf4deb74', None, False)
('func_66102ef272cb4eaca2427fa65074d1d8', None, False)
('func_8d74271bfc2245748c27277f5623c44e', None, False)
('func_5a58ad6c99c44d2b95357b25d8b65b52', None, False)
('func_4e0f71a6fbd248af83dc763c508a14e5', None, False)
('func_25b5571293964a79a7a930172782fa10', None, False)
('func_007a0ceb7c51496898f840e72a390582', None, False)
('func_d22f8ca1bed2487aa89c96afb2e737c5', None, False)
('func_fd5737e9c59841868fe1499656f300dd', None, False)
('func_f54462d76a59413aa35aca5e4609f643', None, False)
('func_de16eb8b20924a73b4f30d3cba5c93a0', None, False)
('func_c645b331b1fe4343abb9f3f08ebc6b5f', None, False)
('func_19af4fd33b6a4f8fafe1c11fde8339bc', None, False)
('func_fa19f20581de44fb8f74eb902bc71008', None, False)
('func_607a7a3cccc041f98b026f10c92b3167', None, False)
('func_d537b5a301bc41ad8cf02bbf94f0f86b', None, False)
('func_ac800882c88047dcb80cd75c1170836a', None, False)
[2026-03-10 19:10:16,820] [INFO] [execute.py] Processing 'Example/interleave/generated_py_880e2787094340f5a52662732bba289c.py' ...
('func_230a4f986b034592954cc3c5fbfc985d', None, False)
('func_0f20268682104f4297dac03c5857fdde', None, False)
('func_faccfd6521c947b881bac45dbd6c978f', None, False)
('func_22121d13158d49d799637ecc4e7a95d8', None, False)
('func_3783926c4d5a436b8078ff98e159ca52', None, False)
('func_e9a31028fd9842a2aae49a9028e66df3', None, False)
('func_ea0fc5db8ff84ef0afb2624fffe1ebba', None, False)
('func_32bbd53659af4c9bb8a7bc5daaa92e21', None, False)
('func_b8789f00b6424a8bac0122a82003d647', None, False)
('func_2460aeaa2ca14197b6d46ee492837e28', None, False)
('func_098abe90fc13440d9d64e73de845322f', None, False)
('func_fdf9689a4fd24eb49ae2996080ed32f8', None, False)
('func_81a1537e25fc4f568c4eb0ea2f4abbb1', None, False)
('func_036815dedfce4223a9210c06e29e5b01', None, False)
('func_5e2919ed353b45e8837c76c29716d2fa', None, False)
('func_a4aa74bff9ee4e698a6378ef0ae128ed', None, False)
('func_c9660837fcd04ed9bffb2c08df424f35', None, False)
('func_8138475b7dd3482cb31babaa0f161251', None, False)
('func_e5f4e9b450604b08b0046403882297a0', None, False)
('func_e734d90d94384a68aaec169139694379', None, False)
('func_22b3fcaad9df47e89ccedae4cc2a9feb', None, False)
('func_a3b1a5ac35e544138e26e12c719c024c', None, False)
('func_7cf3449adbb24fc79ab8853fe643724a', None, False)
('func_1f183deffdc94edb969581d053e393fe', None, False)
('func_b1bb51f2dd1c4b8fb53be977051cf6c1', None, False)
('func_247bd3cf474246babc11d1a09d81bcb2', None, False)
('func_9f3ded2794fc4ad5b8ad1ebc4d57c13c', None, False)
('func_cf4d06e66bee4f8d8fe8b7f0331924e7', None, False)
('func_7a4047b7efee4eb5b7e91d224bc006c8', None, False)
('func_12efbe2c11224ea797b9b309d7f59edd', None, False)
('func_a9af0d87a672401381e622ef90bf14b2', None, False)
('func_cc54c800a2b04f91854e7545f6d837d4', None, False)
('func_4eb5d84bdeab430fa08c01a23912589e', None, False)
('func_2f8ec8ad82a8452da4361de614c2fa11', None, False)
('func_276b045526054d9fbc6ea0802b108aa3', None, False)
('func_89f09419b1104c40a9443094fc66469a', None, False)
('func_9f8214ea40f142ad86490a36be806140', None, False)
('func_cd79434657844ae5aa34b33400b10333', None, False)
\n\n 3) EXECUTING SNIPPED FUNCTIONS FOR DATASET: Example \n
\n For Java
Mar 10, 2026 7:10:17 PM edu.ncsu.mains.Execute execute
INFO: Running for all problems
Mar 10, 2026 7:10:17 PM edu.ncsu.executors.MethodExecutor executeDataset
INFO: Executing methods for dataset: Example. Here we go ....
Exception in thread "main" java.lang.RuntimeException: java.lang.ClassNotFoundException: Example.interleave.generated_class_f2ee312b34de4535a6460d4e03fb4329
        at edu.ncsu.executors.helpers.PackageManager.findClass(PackageManager.java:29)
        at edu.ncsu.executors.models.ClassMethods.<init>(ClassMethods.java:55)
        at edu.ncsu.executors.MethodExecutor.<init>(MethodExecutor.java:103)
        at edu.ncsu.executors.MethodExecutor.<init>(MethodExecutor.java:98)
        at edu.ncsu.executors.MethodExecutor.executeDataset(MethodExecutor.java:360)
        at edu.ncsu.mains.Execute.execute(Execute.java:36)
        at edu.ncsu.Main.main(Main.java:47)
Caused by: java.lang.ClassNotFoundException: Example.interleave.generated_class_f2ee312b34de4535a6460d4e03fb4329
        at java.net.URLClassLoader.findClass(URLClassLoader.java:387)
        at java.lang.ClassLoader.loadClass(ClassLoader.java:418)
        at sun.misc.Launcher$AppClassLoader.loadClass(Launcher.java:352)
        at java.lang.ClassLoader.loadClass(ClassLoader.java:351)
        at java.lang.Class.forName0(Native Method)
        at java.lang.Class.forName(Class.java:264)
        at edu.ncsu.executors.helpers.PackageManager.findClass(PackageManager.java:27)
        ... 6 more
\n For Python
[2026-03-10 19:10:17,615] [INFO] [execute.py] Processing 'Example/interleave/generated_py_25d2f9637e27446baf30f0288e1e22ff.py'
('func_eacf91940f73413f855f98ed7a790d03', False)
('func_d52e8f3e75cb4795b9d9a13c157899aa', False)
('func_91804a59a6554f2e8860ab50d0c3dc17', False)
('func_772d2181e87c4cd8b8814f2bfd0d06c8', False)
('func_b824afe88dac48268f7234fabacd8889', False)
('func_d2dbc1526724453cbd788ea8b05e6380', False)
('func_d6fa5488382644e6a1f34e57f3579e1e', False)
('func_c044405a1a5b4be096ce4c3f3478a60e', False)
('func_4ed9bfd9f79f4bc2a027a8d6e9a680e8', False)
('func_7b7852a1749a4eac98269434773fb130', False)
('func_4a9de66b56544cceb84df8a8b54840ee', False)
('func_bce353832a954285b4bc7b305e31cc89', False)
('func_68772af17f5d40d5a2c9252c572f46bd', False)
('func_9f1e4741ceef44269b80c1753d391d81', False)
('func_f6968d03d0614d9bb43e4eb3b924a828', False)
('func_251c23703e5e4ec79cbf7da89332cae0', False)
('func_ed045a27120347f49b885831e9e69ecf', False)
('func_8b4314ac878742d0bf1b4f6042ec03fa', False)
('func_643661b9739d4e3a95dd380ca267f014', False)
('func_527d9342ce434d23b7643a73282f7ccb', False)
('func_09bf1732fec54d9699908c818dda33af', False)
('func_e89a363794ca4e9eb166f672eb75bd1e', False)
('func_1852ecc9b7fb4425a9aac69a02803247', False)
('func_02e09e119dda472aa52b3f1d7c31d5d7', False)
('func_592fafb5efc54aa685d32dbaf1470ae7', False)
('func_49b0b08b129d4d66a8ff7cffdaa1518c', False)
('func_febb948b9d184ced82b1201519b7e38c', False)
('func_e30856770e034fa9acc4ef8b5b9f694e', False)
('func_2bca06d6ee2346a6b3ea3acb71c8e608', False)
('func_770091ce2fe94b48a595f5d43b219473', False)
('func_09fd2e15840041269e793402d3a2a83e', False)
('func_1132d94861704707bb72dbf23ead4578', False)
('func_dd2773a224cb454481b119a720d3d6dc', False)
('func_80e8a83da2eb47cdac87de229fc2aa92', False)
('func_98e0d86b6b264c49be1d5142b45fc4ee', False)
('func_f5ce78e361384ba9937b00ce2b6b2ff7', False)
('func_ba38cec1834f46b8b77d4f4930278494', False)
('func_9390a59c86d24549819ac1c81ddd320a', False)
[2026-03-10 19:10:17,637] [INFO] [execute.py] Valid Functions: 0 / 38
[2026-03-10 19:10:17,637] [INFO] [execute.py] Processing 'Example/interleave/generated_py_76f85312d1ce4c08b56f57bf7430c87e.py'
('func_2791fb069d0349c7a978a775405be525', False)
('func_8f052c13d0b844508d081f804e26ca61', False)
('func_54cd2acfaeea45b7a0a390a66757a2d2', False)
('func_53b3ec24244f4477b452136b992cc7d5', False)
('func_853e68bfd24f47efb5c769aaf62f004d', False)
('func_bf0b674780844eaa8db5721d879f59f3', False)
('func_d88fb62fb74c423a9f71a9ce95b1fee4', False)
('func_0a2f73c1c3ab44e6917f981b8c904247', False)
('func_7986dd74530b4618abd9a364706022a1', False)
('func_9af29153a30444b6a1f9db5d48b52fb9', False)
('func_7ad002a60c1441de9f65b842d403d02f', False)
('func_beabc35e108649b196205a9aada7fa0f', False)
('func_493ef99083a74c149ebc4008fcd6ed8f', False)
('func_e4373350e9a8403eb7c9aa6b720507a4', False)
('func_86c8c4f4e1d54b40b3c1e52ca86675cd', False)
('func_b38f911c61204629a40e3352483d3a9a', False)
('func_1b531f7b84d640dfb76a3fdef16b71fb', False)
('func_7cf3403cb34c44e0aa71a0d2ea164c8d', False)
('func_2f7620bd73804b3f8d2acefe42a7d935', False)
('func_23f3c90a4175421191c3aa8695b94166', False)
('func_e8d72097cb8c45239c4874b53ea97674', False)
('func_57f4010ec5da43b4a24bb27a5e813087', False)
('func_e7ff8bfc302b4523ab681406e3de188f', False)
('func_d811f70d58d64a18b8fbc9f6ebb14f9c', False)
('func_9fad5bb11f1a4ac38cd1273a08279b9e', False)
('func_dd690a67640e44efb27af56f5b0e5019', False)
('func_600f14955ec64ce5b4c7d2b36d0b1d67', False)
('func_64f5a6e4f5f9400095df4d267e74657b', False)
('func_084ea06bdc8348d385d5c7a389bf8a7e', False)
('func_27a45ade864e45d7b1c826d71766337b', False)
('func_7fd6c49c67694e17a593406399fcf075', False)
('func_f385c1a6cf3549e1ae0be2ef70cbc088', False)
('func_ba732b1732074004bda94d99a9edee14', False)
('func_8bc160af962c4fd4bf1ac18135bb4ba2', False)
('func_4ec344c5b05642db9a9275a75d03cb43', False)
('func_5e57729be02e4c3c9d4b0c77932e47cd', False)
('func_87c32eccd521445d8364884b7edfa07f', False)
('func_65b99b5191a34f5fa75cd66cdb2b64cf', False)
[2026-03-10 19:10:17,654] [INFO] [execute.py] Valid Functions: 0 / 38
[2026-03-10 19:10:17,654] [INFO] [execute.py] Processing 'Example/interleave/generated_py_84ad44ee4b4842b095f4ed0e02aee3eb.py'
('func_f4a3f616f0db4853a1e7601c9f37eadb', False)
('func_920368f7039f40dd8f793ab500337c18', False)
('func_e1dbc107e48e4c0b8bfcd6f547135484', False)
('func_c1aa1e4a722e460a986141a91c1fa5be', False)
('func_9a7c5d915ed846eba6bd25f2a256ab1d', False)
('func_5059336510624bf49780c4841e699d2d', False)
('func_c5f656bccaa84b709e984803b6a40e2a', False)
('func_ba7bb5eeef4b44c0aa12542123ee3708', False)
('func_4134c8fab3304e7094e59c98a5344d6e', False)
('func_dffdc708359c483cba1e7a744489cdda', False)
('func_2f829c4d531f429ea854b960bb791d45', False)
('func_2386e641865c4517becd62a5edc68674', False)
('func_fe92ee0c771b444496753bf2377dfe90', False)
('func_bdc47fe69ada4a199523cbce05a418cf', False)
('func_6651011378c84b2fb42537ad212333a4', False)
('func_da8f6a72158f4f559dbc74bbb4ceb8f4', False)
('func_18b3359001f24d3c9b2241a96b737618', False)
('func_070abc96cacb45288e1aae054de29b9e', False)
('func_6bc5c3e167f4407992aae192d1770ea5', False)
('func_8da9554c9e27435681d69e028bd4096e', False)
('func_82101125cadc4fdeb0a99b0365bcf404', False)
('func_a8721059d6704808937a9219c5707e7f', False)
('func_39c9bbb2f1df46c5b3cc3193a5d31929', False)
('func_8f3715f56adf49e79abcac649bbbdfd6', False)
('func_e520209b763a4fbda54fbbce1dc0ac92', False)
('func_fd4af1ac8d4540eaabef1d24d552e011', False)
('func_89a91de5e269476a8370d04e60dbcb0b', False)
('func_d7ae72a2d9284be1b4e22588cb585273', False)
('func_7a4df9a157ca458490f04c63004ed7c4', False)
('func_c1e3e55b463b4ce9884c50ef87a31784', False)
('func_802b31114e10406392963041757ec4bd', False)
('func_94a04a5c4f254a3b901ca61d249da4b1', False)
('func_09ad4b2bb5f34e3bad2511660489778d', False)
('func_0f18d43e61644ef9ba2e8819a2cd11d6', False)
('func_5d6b21742d764640be31b8bdf2b9b23b', False)
('func_ddf3d4558f304b64bb292b408d89b54d', False)
('func_1db8eb9197b447d1949aecada2767e69', False)
('func_5af6383087c2482dba33d8d1470726ad', False)
[2026-03-10 19:10:17,671] [INFO] [execute.py] Valid Functions: 0 / 38
[2026-03-10 19:10:17,671] [INFO] [execute.py] Processing 'Example/interleave/generated_py_364557f4504c404382c81cbe1bcd3dc3.py'
('func_11bc5a2b9e7b47d88eb01fffa527f84b', False)
('func_c7d1e6b8f8a34f4c9d482565dd90ce80', False)
('func_12f67e1376394304af539c9ce5df2666', False)
('func_dbc30198351b47c49cdb0545e12b6f84', False)
('func_16fc926194e246fe96f1b3b4c27f8044', False)
('func_328008395bf8402f9310729401efa681', False)
('func_a12da4f3365b42399da59bc6ea53619c', False)
('func_e2d0d5d631cf46418da99dfb2922747f', False)
('func_a972d9d735844c55a7d94ffcd264c0f5', False)
('func_181fea950f844ee782a8ad1fd26e36ab', False)
('func_9c7683ee4f2041eebad5058f7a30cb3a', False)
('func_2d35977357c145189d8165945f7ab461', False)
('func_40d3159f60844f3bbc3cfcbe4299c1c8', False)
('func_fa90383139454cc8b74de66f8277213f', False)
('func_6fdacdb1da574e39aa2d72fda6c61f6a', False)
('func_e4626b19c19149578e3e5767d43ce262', False)
('func_338c4e5ab61740f28da536a24f0db4d8', False)
('func_8052794adad54a5fb59fb66c411e3634', False)
('func_ee3a4fb45c584a60a691d2d83b7b42f3', False)
('func_7a5c4fd0abd44b28a25b007c396ff91f', False)
('func_59b600217bf44a10aaad67c8100f71ff', False)
('func_08b531e768fc4e55b02f731d0190d8d7', False)
('func_a1026426b3bb4305a3e8a30a98be3c7e', False)
('func_93b3beb11cb54379bb884cb0238d9fe8', False)
('func_35914601d88043918f215d3753b9ecfc', False)
('func_61e975c275be4e91875b8a783784ec33', False)
('func_d143e0dbdd784681a87039be72f3bdf2', False)
('func_eead5ea7e7064e71b6b920d030c24dce', False)
('func_4ce134be4ad446b5b2b10dbf6f2adb79', False)
('func_e53961b6e769467d9622fb147d9f46a0', False)
('func_8a66d733da9f456e883947e6556e65da', False)
('func_39b4d1c395da47d8b0aa43f7a878cf5e', False)
('func_abec31d2a8e049d0bd738b9cb1bed473', False)
('func_3836f8234a2a4df7b9a40f69850073ff', False)
('func_c0e9a919c8d04f6c8f64f174272c0ff8', False)
('func_a23ea4a9ab094f73a68b70be3529c2b4', False)
('func_82173c65b2f147ae85f5f1244a38c353', False)
('func_af474132a5704994b097fd0d02208749', False)
[2026-03-10 19:10:17,703] [INFO] [execute.py] Valid Functions: 0 / 38
[2026-03-10 19:10:17,703] [INFO] [execute.py] Processing 'Example/interleave/generated_py_c8b70bed7f944c1fa490453553420502.py'
('func_0bcd10bf747b44ea82ddb40ea70a7878', False)
('func_1657d9e0d03348c09f964ce06c33e3e1', False)
('func_a04363716f184b62865689fb23489ad1', False)
('func_51dbf35b5fb9460f8157d9ba0fa43e05', False)
('func_19d7189c16934bac9f46436228a1c745', False)
('func_9d8da69a81564497b241ec7b510c99f8', False)
('func_1c219eaf5ce647678251a878b6e96e5c', False)
('func_be87284bdddf408fa1183327820e9955', False)
('func_e979f488bbc94297aae9f4223d9449cf', False)
('func_298bcfa8b90e4939bf70d1bb8434b260', False)
('func_de44b98b63c145758c4a2ff67687c63a', False)
('func_8e4176b6c45a4e32b66f00252edc7869', False)
('func_b8a5edef3fa845618ea023c50da17f55', False)
('func_6552277742934f47bca79259b014f81c', False)
('func_87fb1c7b412449b1b87692d19c9e0859', False)
('func_beeb561bff2b42198c85db885f2bffae', False)
('func_f183c75c722e41f5ab38bf53ac0eaeaa', False)
('func_c34659c8691f4b2490b3a25903382850', False)
('func_9fd9a9cbc0744055ae0dd2b7192fcf2e', False)
('func_af782e0a266f4ff69ac5eb42dcb75235', False)
('func_ebc452caf0684946810358efd63cef51', False)
('func_c74f0569e1454e988bc7acaecf4deb74', False)
('func_66102ef272cb4eaca2427fa65074d1d8', False)
('func_8d74271bfc2245748c27277f5623c44e', False)
('func_5a58ad6c99c44d2b95357b25d8b65b52', False)
('func_4e0f71a6fbd248af83dc763c508a14e5', False)
('func_25b5571293964a79a7a930172782fa10', False)
('func_007a0ceb7c51496898f840e72a390582', False)
('func_d22f8ca1bed2487aa89c96afb2e737c5', False)
('func_fd5737e9c59841868fe1499656f300dd', False)
('func_f54462d76a59413aa35aca5e4609f643', False)
('func_de16eb8b20924a73b4f30d3cba5c93a0', False)
('func_c645b331b1fe4343abb9f3f08ebc6b5f', False)
('func_19af4fd33b6a4f8fafe1c11fde8339bc', False)
('func_fa19f20581de44fb8f74eb902bc71008', False)
('func_607a7a3cccc041f98b026f10c92b3167', False)
('func_d537b5a301bc41ad8cf02bbf94f0f86b', False)
('func_ac800882c88047dcb80cd75c1170836a', False)
[2026-03-10 19:10:17,720] [INFO] [execute.py] Valid Functions: 0 / 38
[2026-03-10 19:10:17,720] [INFO] [execute.py] Processing 'Example/interleave/generated_py_880e2787094340f5a52662732bba289c.py'
('func_230a4f986b034592954cc3c5fbfc985d', False)
('func_0f20268682104f4297dac03c5857fdde', False)
('func_faccfd6521c947b881bac45dbd6c978f', False)
('func_22121d13158d49d799637ecc4e7a95d8', False)
('func_3783926c4d5a436b8078ff98e159ca52', False)
('func_e9a31028fd9842a2aae49a9028e66df3', False)
('func_ea0fc5db8ff84ef0afb2624fffe1ebba', False)
('func_32bbd53659af4c9bb8a7bc5daaa92e21', False)
('func_b8789f00b6424a8bac0122a82003d647', False)
('func_2460aeaa2ca14197b6d46ee492837e28', False)
('func_098abe90fc13440d9d64e73de845322f', False)
('func_fdf9689a4fd24eb49ae2996080ed32f8', False)
('func_81a1537e25fc4f568c4eb0ea2f4abbb1', False)
('func_036815dedfce4223a9210c06e29e5b01', False)
('func_5e2919ed353b45e8837c76c29716d2fa', False)
('func_a4aa74bff9ee4e698a6378ef0ae128ed', False)
('func_c9660837fcd04ed9bffb2c08df424f35', False)
('func_8138475b7dd3482cb31babaa0f161251', False)
('func_e5f4e9b450604b08b0046403882297a0', False)
('func_e734d90d94384a68aaec169139694379', False)
('func_22b3fcaad9df47e89ccedae4cc2a9feb', False)
('func_a3b1a5ac35e544138e26e12c719c024c', False)
('func_7cf3449adbb24fc79ab8853fe643724a', False)
('func_1f183deffdc94edb969581d053e393fe', False)
('func_b1bb51f2dd1c4b8fb53be977051cf6c1', False)
('func_247bd3cf474246babc11d1a09d81bcb2', False)
('func_9f3ded2794fc4ad5b8ad1ebc4d57c13c', False)
('func_cf4d06e66bee4f8d8fe8b7f0331924e7', False)
('func_7a4047b7efee4eb5b7e91d224bc006c8', False)
('func_12efbe2c11224ea797b9b309d7f59edd', False)
('func_a9af0d87a672401381e622ef90bf14b2', False)
('func_cc54c800a2b04f91854e7545f6d837d4', False)
('func_4eb5d84bdeab430fa08c01a23912589e', False)
('func_2f8ec8ad82a8452da4361de614c2fa11', False)
('func_276b045526054d9fbc6ea0802b108aa3', False)
('func_89f09419b1104c40a9443094fc66469a', False)
('func_9f8214ea40f142ad86490a36be806140', False)
('func_cd79434657844ae5aa34b33400b10333', False)
[2026-03-10 19:10:17,737] [INFO] [execute.py] Valid Functions: 0 / 38
\n\n 4) CLUSTERING FUNCTIONS FOR DATASET: Example \n
[2026-03-10 19:10:18,632] [INFO] [analyze.py] Testing different cluster sizes for dataset 'Example' and language 'java_python'
[2026-03-10 19:10:18,632] [INFO] [similarity.py] Loading java functions for 'Example' ...
[2026-03-10 19:10:18,636] [INFO] [similarity.py] Valid Functions : 0 / 0
[2026-03-10 19:10:18,636] [INFO] [similarity.py] Loading python functions for 'Example' ...
[2026-03-10 19:10:18,637] [INFO] [similarity.py] Valid Functions : 0 / 0
[2026-03-10 19:10:18,637] [INFO] [similarity.py] Loading java functions for 'Example' ...
[2026-03-10 19:10:18,637] [INFO] [similarity.py] Valid Functions : 0 / 0
[2026-03-10 19:10:18,637] [INFO] [similarity.py] Loading python functions for 'Example' ...
[2026-03-10 19:10:18,637] [INFO] [similarity.py] Valid Functions : 0 / 0
[2026-03-10 19:10:18,638] [INFO] [similarity.py] Clustering ...
[2026-03-10 19:10:18,638] [WARNING] [similarity.py] A @file_name is not provided. Reverting file name to 'java_python'
[2026-03-10 19:10:18,638] [INFO] [clusterer.py] Clustering using Representative Sampling with tolerance '0.01'
Traceback (most recent call last):
  File "sos/analyze.py", line 385, in <module>
    _main()
  File "sos/analyze.py", line 353, in _main
    cluster_testing(dataset, language)
  File "sos/analyze.py", line 126, in cluster_testing
    clustering_error=clustering_error, cluster_suffix="%0.2f" % clustering_error)
  File "/home/lecegues/SLACC/code/src/main/python/sos/similarity.py", line 139, in compute_similarity
    meta_data += Stat(sizes).report()
  File "/home/lecegues/SLACC/code/src/main/python/utils/stat.py", line 56, in report
    "\n".join(["%10s : %0.4f" % ("Min", self.min()),
  File "/home/lecegues/SLACC/code/src/main/python/utils/stat.py", line 25, in min
    return np.min(self.arr)
  File "/home/lecegues/.local/lib/python2.7/site-packages/numpy/core/fromnumeric.py", line 2442, in amin
    initial=initial)
  File "/home/lecegues/.local/lib/python2.7/site-packages/numpy/core/fromnumeric.py", line 83, in _wrapreduction
    return ufunc.reduce(obj, axis, dtype, out, **passkwargs)
ValueError: zero-size array to reduction operation minimum which has no identity
[2026-03-10 19:10:19,685] [INFO] [analyze.py] Processing 'eps_0.01' ...
[2026-03-10 19:10:19,685] [INFO] [analyze.py] For folder = eps_0.01, # of 'java' clusters = 0
[2026-03-10 19:10:20,203] [INFO] [analyze.py] Processing 'eps_0.01' ...
[2026-03-10 19:10:20,203] [INFO] [analyze.py] For folder = eps_0.01, # of 'python' clusters = 0
[2026-03-10 19:10:20,721] [INFO] [analyze.py] Processing 'eps_0.01' ...
[2026-03-10 19:10:20,722] [INFO] [analyze.py] For folder = eps_0.01, # of mixed clusters = 0