lecegues@DESKTOP-OQQMHBP:~/SLACC/code$ java -version
openjdk version "1.8.0_482"
OpenJDK Runtime Environment (build 1.8.0_482-8u482-ga~us1-0ubuntu1~22.04-b08)
OpenJDK 64-Bit Server VM (build 25.482-b08, mixed mode)

lecegues@DESKTOP-OQQMHBP:~/SLACC/code$ mvn -version
Apache Maven 3.6.3
Maven home: /usr/share/maven
Java version: 1.8.0_482, vendor: Private Build, runtime: /usr/lib/jvm/java-8-openjdk-amd64/jre
Default locale: en, platform encoding: UTF-8
OS name: "linux", version: "6.6.87.2-microsoft-standard-wsl2", arch: "amd64", family: "unix"

lecegues@DESKTOP-OQQMHBP:~/SLACC/code$ python --version
Python 2.7.18

lecegues@DESKTOP-OQQMHBP:~/SLACC/code$ sudo systemctl status mongod
● mongod.service - MongoDB Database Server
     Loaded: loaded (/lib/systemd/system/mongod.service; disabled; vendor preset: enabled)
     Active: active (running) since Tue 2026-03-05 15:59:24 CST; 4h 19min ago
       Docs: https://docs.mongodb.org/manual
   Main PID: 12526 (mongod)
     Memory: 76.2M
        CPU: 1min 1.664s
     CGroup: /system.slice/mongod.service
             └─12526 /usr/bin/mongod --config /etc/mongod.conf

Mar 05 15:59:24 DESKTOP-OQQMHBP systemd[1]: Started MongoDB Database Server.
Mar 05 15:59:24 DESKTOP-OQQMHBP mongod[12526]: {"t":{"$date":"2026-03-05T21:59:24.157Z"},"s":"I",  "c":"CONTROL",  "id">
lines 1-12/12 (END)